<?xml version="1.0" encoding="UTF-8"?>
<testsuite xmlns:xsi="http://www.w3.org/2001/XMLSchema-instance" xsi:noNamespaceSchemaLocation="https://maven.apache.org/surefire/maven-surefire-plugin/xsd/surefire-test-report-3.0.xsd" version="3.0" name="examples.ExamplesTest" time="23.364" tests="1" errors="0" skipped="0" failures="1">
  <properties>
[...]
</properties>
  <testcase name="testParallel" classname="examples.ExamplesTest" time="23.319">
    <failure message="js failed:&#10;&gt;&gt;&gt;&gt;&#10;01: click(&apos;Retroceso&apos;)&#10;&lt;&lt;&lt;&lt;&#10;org.graalvm.polyglot.PolyglotException: cannot locate: &apos;Retroceso&apos; ((stale) class com.sun.jna.platform.win32.COM.Unknown cannot be cast to class java.lang.Number (com.sun.jna.platform.win32.COM.Unknown is in unnamed module of loader &apos;app&apos;; java.lang.Number is in module java.base of loader &apos;bootstrap&apos;))&#10;- com.intuit.karate.robot.RobotBase.locate(RobotBase.java:530)&#10;- com.intuit.karate.robot.RobotBase.click(RobotBase.java:561)&#10;- &lt;js&gt;.:anonymous(Unnamed:1)&#10;&#10;classpath:examples/users/cal.feature:7 ==&gt; expected: &lt;0&gt; but was: &lt;1&gt;" type="org.opentest4j.AssertionFailedError"><![CDATA[org.opentest4j.AssertionFailedError: 
js failed:
>>>>
01: click('Retroceso')
<<<<
org.graalvm.polyglot.PolyglotException: cannot locate: 'Retroceso' ((stale) class com.sun.jna.platform.win32.COM.Unknown cannot be cast to class java.lang.Number (com.sun.jna.platform.win32.COM.Unknown is in unnamed module of loader 'app'; java.lang.Number is in module java.base of loader 'bootstrap'))
- com.intuit.karate.robot.RobotBase.locate(RobotBase.java:530)
- com.intuit.karate.robot.RobotBase.click(RobotBase.java:561)
- <js>.:anonymous(Unnamed:1)

classpath:examples/users/cal.feature:7 ==> expected: <0> but was: <1>
	at org.junit.jupiter.api.AssertionFailureBuilder.build(AssertionFailureBuilder.java:151)
	at org.junit.jupiter.api.AssertionFailureBuilder.buildAndThrow(AssertionFailureBuilder.java:132)
	at org.junit.jupiter.api.AssertEquals.failNotEqual(AssertEquals.java:197)
	at org.junit.jupiter.api.AssertEquals.assertEquals(AssertEquals.java:150)
	at org.junit.jupiter.api.Assertions.assertEquals(Assertions.java:560)
	at examples.ExamplesTest.testParallel(ExamplesTest.java:15)
	at java.base/jdk.internal.reflect.NativeMethodAccessorImpl.invoke0(Native Method)
	at java.base/jdk.internal.reflect.NativeMethodAccessorImpl.invoke(NativeMethodAccessorImpl.java:62)
	at java.base/jdk.internal.reflect.DelegatingMethodAccessorImpl.invoke(DelegatingMethodAccessorImpl.java:43)
	at java.base/java.lang.reflect.Method.invoke(Method.java:566)
	at org.junit.platform.commons.util.ReflectionUtils.invokeMethod(ReflectionUtils.java:727)
	at org.junit.jupiter.engine.execution.MethodInvocation.proceed(MethodInvocation.java:60)
	at org.junit.jupiter.engine.execution.InvocationInterceptorChain$ValidatingInvocation.proceed(InvocationInterceptorChain.java:131)
	at org.junit.jupiter.engine.extension.TimeoutExtension.intercept(TimeoutExtension.java:156)
	at org.junit.jupiter.engine.extension.TimeoutExtension.interceptTestableMethod(TimeoutExtension.java:147)
	at org.junit.jupiter.engine.extension.TimeoutExtension.interceptTestMethod(TimeoutExtension.java:86)
	at org.junit.jupiter.engine.execution.InterceptingExecutableInvoker$ReflectiveInterceptorCall.lambda$ofVoidMethod$0(InterceptingExecutableInvoker.java:103)
	at org.junit.jupiter.engine.execution.InterceptingExecutableInvoker.lambda$invoke$0(InterceptingExecutableInvoker.java:93)
	at org.junit.jupiter.engine.execution.InvocationInterceptorChain$InterceptedInvocation.proceed(InvocationInterceptorChain.java:106)
	at org.junit.jupiter.engine.execution.InvocationInterceptorChain.proceed(InvocationInterceptorChain.java:64)
	at org.junit.jupiter.engine.execution.InvocationInterceptorChain.chainAndInvoke(InvocationInterceptorChain.java:45)
	at org.junit.jupiter.engine.execution.InvocationInterceptorChain.invoke(InvocationInterceptorChain.java:37)
	at org.junit.jupiter.engine.execution.InterceptingExecutableInvoker.invoke(InterceptingExecutableInvoker.java:92)
	at org.junit.jupiter.engine.execution.InterceptingExecutableInvoker.invoke(InterceptingExecutableInvoker.java:86)
	at org.junit.jupiter.engine.descriptor.TestMethodTestDescriptor.lambda$invokeTestMethod$7(TestMethodTestDescriptor.java:217)
	at org.junit.platform.engine.support.hierarchical.ThrowableCollector.execute(ThrowableCollector.java:73)
	at org.junit.jupiter.engine.descriptor.TestMethodTestDescriptor.invokeTestMethod(TestMethodTestDescriptor.java:213)
	at org.junit.jupiter.engine.descriptor.TestMethodTestDescriptor.execute(TestMethodTestDescriptor.java:138)
	at org.junit.jupiter.engine.descriptor.TestMethodTestDescriptor.execute(TestMethodTestDescriptor.java:68)
	at org.junit.platform.engine.support.hierarchical.NodeTestTask.lambda$executeRecursively$6(NodeTestTask.java:151)
	at org.junit.platform.engine.support.hierarchical.ThrowableCollector.execute(ThrowableCollector.java:73)
	at org.junit.platform.engine.support.hierarchical.NodeTestTask.lambda$executeRecursively$8(NodeTestTask.java:141)
	at org.junit.platform.engine.support.hierarchical.Node.around(Node.java:137)
	at org.junit.platform.engine.support.hierarchical.NodeTestTask.lambda$executeRecursively$9(NodeTestTask.java:139)
	at org.junit.platform.engine.support.hierarchical.ThrowableCollector.execute(ThrowableCollector.java:73)
	at org.junit.platform.engine.support.hierarchical.NodeTestTask.executeRecursively(NodeTestTask.java:138)
	at org.junit.platform.engine.support.hierarchical.NodeTestTask.execute(NodeTestTask.java:95)
	at java.base/java.util.ArrayList.forEach(ArrayList.java:1541)
	at org.junit.platform.engine.support.hierarchical.SameThreadHierarchicalTestExecutorService.invokeAll(SameThreadHierarchicalTestExecutorService.java:41)
	at org.junit.platform.engine.support.hierarchical.NodeTestTask.lambda$executeRecursively$6(NodeTestTask.java:155)
	at org.junit.platform.engine.support.hierarchical.ThrowableCollector.execute(ThrowableCollector.java:73)
	at org.junit.platform.engine.support.hierarchical.NodeTestTask.lambda$executeRecursively$8(NodeTestTask.java:141)
	at org.junit.platform.engine.support.hierarchical.Node.around(Node.java:137)
	at org.junit.platform.engine.support.hierarchical.NodeTestTask.lambda$executeRecursively$9(NodeTestTask.java:139)
	at org.junit.platform.engine.support.hierarchical.ThrowableCollector.execute(ThrowableCollector.java:73)
	at org.junit.platform.engine.support.hierarchical.NodeTestTask.executeRecursively(NodeTestTask.java:138)
	at org.junit.platform.engine.support.hierarchical.NodeTestTask.execute(NodeTestTask.java:95)
	at java.base/java.util.ArrayList.forEach(ArrayList.java:1541)
	at org.junit.platform.engine.support.hierarchical.SameThreadHierarchicalTestExecutorService.invokeAll(SameThreadHierarchicalTestExecutorService.java:41)
	at org.junit.platform.engine.support.hierarchical.NodeTestTask.lambda$executeRecursively$6(NodeTestTask.java:155)
	at org.junit.platform.engine.support.hierarchical.ThrowableCollector.execute(ThrowableCollector.java:73)
	at org.junit.platform.engine.support.hierarchical.NodeTestTask.lambda$executeRecursively$8(NodeTestTask.java:141)
	at org.junit.platform.engine.support.hierarchical.Node.around(Node.java:137)
	at org.junit.platform.engine.support.hierarchical.NodeTestTask.lambda$executeRecursively$9(NodeTestTask.java:139)
	at org.junit.platform.engine.support.hierarchical.ThrowableCollector.execute(ThrowableCollector.java:73)
	at org.junit.platform.engine.support.hierarchical.NodeTestTask.executeRecursively(NodeTestTask.java:138)
	at org.junit.platform.engine.support.hierarchical.NodeTestTask.execute(NodeTestTask.java:95)
	at org.junit.platform.engine.support.hierarchical.SameThreadHierarchicalTestExecutorService.submit(SameThreadHierarchicalTestExecutorService.java:35)
	at org.junit.platform.engine.support.hierarchical.HierarchicalTestExecutor.execute(HierarchicalTestExecutor.java:57)
	at org.junit.platform.engine.support.hierarchical.HierarchicalTestEngine.execute(HierarchicalTestEngine.java:54)
	at org.junit.platform.launcher.core.EngineExecutionOrchestrator.execute(EngineExecutionOrchestrator.java:147)
	at org.junit.platform.launcher.core.EngineExecutionOrchestrator.execute(EngineExecutionOrchestrator.java:127)
	at org.junit.platform.launcher.core.EngineExecutionOrchestrator.execute(EngineExecutionOrchestrator.java:90)
	at org.junit.platform.launcher.core.EngineExecutionOrchestrator.lambda$execute$0(EngineExecutionOrchestrator.java:55)
	at org.junit.platform.launcher.core.EngineExecutionOrchestrator.withInterceptedStreams(EngineExecutionOrchestrator.java:102)
	at org.junit.platform.launcher.core.EngineExecutionOrchestrator.execute(EngineExecutionOrchestrator.java:54)
	at org.junit.platform.launcher.core.DefaultLauncher.execute(DefaultLauncher.java:114)
	at org.junit.platform.launcher.core.DefaultLauncher.execute(DefaultLauncher.java:86)
	at org.junit.platform.launcher.core.DefaultLauncherSession$DelegatingLauncher.execute(DefaultLauncherSession.java:86)
	at org.apache.maven.surefire.junitplatform.LazyLauncher.execute(LazyLauncher.java:50)
	at org.apache.maven.surefire.junitplatform.JUnitPlatformProvider.execute(JUnitPlatformProvider.java:184)
	at org.apache.maven.surefire.junitplatform.JUnitPlatformProvider.invokeAllTests(JUnitPlatformProvider.java:148)
	at org.apache.maven.surefire.junitplatform.JUnitPlatformProvider.invoke(JUnitPlatformProvider.java:122)
	at org.apache.maven.surefire.booter.ForkedBooter.runSuitesInProcess(ForkedBooter.java:385)
	at org.apache.maven.surefire.booter.ForkedBooter.execute(ForkedBooter.java:162)
	at org.apache.maven.surefire.booter.ForkedBooter.run(ForkedBooter.java:507)
	at org.apache.maven.surefire.booter.ForkedBooter.main(ForkedBooter.java:495)
]]></failure>
    <system-out><![CDATA[23:15:50.720 [main] INFO  com.intuit.karate.Runner - using system property 'karate.options': --tags @remote
23:15:51.887 [main] DEBUG com.intuit.karate.Suite - [config] classpath:karate-config.js
23:15:53.072 [main] INFO  com.intuit.karate - karate.env system property was: null 
23:15:53.598 [main] DEBUG c.intuit.karate.robot.win.ComLibrary - loaded: UIAutomationClient, clsid: {944DE083-8FB8-45CF-BCB7-C477ACB2F897}, majorVersion: 1, minorVersion: 0
23:15:54.149 [main] DEBUG c.intuit.karate.robot.win.ComUtils - init: {FF48DBA4-60EF-4201-AA87-54103EEF594E}, interface id: {30CBE57D-D9D0-452A-AB13-7AC5AC4825EE}
23:15:54.217 [main] DEBUG com.intuit.karate - screen dimensions: 0:0(1280:720)
23:15:55.492 [main] WARN  com.intuit.karate - failed to find window: Calculadora
23:15:55.501 [1700705755494] DEBUG com.intuit.karate - command: [calc], working dir: null
23:15:55.906 [1700705755494] DEBUG com.intuit.karate.shell.Command - command complete, exit code: 0 - [calc]
23:15:56.920 [main] WARN  com.intuit.karate - failed to find window: Calculadora
23:15:56.920 [main] DEBUG com.intuit.karate - find window - retry #1
23:16:04.759 [main] DEBUG com.intuit.karate - attached to process window: 'Calculadora' Window - [calc]
23:16:08.077 [main] WARN  com.intuit.karate.robot.win.ComRef - IUIAutomationElement.GetClickablePoint returned non-zero: -2147220991
23:16:08.078 [main] WARN  com.intuit.karate.robot.win.ComRef - failed to get clickable point
23:16:08.078 [main] WARN  com.intuit.karate.robot.win.ComRef - IUIAutomationElement.CurrentBoundingRectangle returned non-zero: -2147220991
23:16:11.278 [main] WARN  com.intuit.karate.robot.win.ComRef - IUIAutomationElement.CurrentName returned non-zero: -2147220991
23:16:11.279 [main] WARN  com.intuit.karate.robot.win.ComRef - IUIAutomationElement.GetCurrentPropertyValue returned non-zero: -2147220991
23:16:11.283 [main] ERROR com.intuit.karate - cannot locate: 'Retroceso' ((stale) class com.sun.jna.platform.win32.COM.Unknown cannot be cast to class java.lang.Number (com.sun.jna.platform.win32.COM.Unknown is in unnamed module of loader 'app'; java.lang.Number is in module java.base of loader 'bootstrap'))
23:16:11.329 [main] ERROR com.intuit.karate - classpath:examples/users/cal.feature:7
* click('Retroceso')
js failed:
>>>>
01: click('Retroceso')
<<<<
org.graalvm.polyglot.PolyglotException: cannot locate: 'Retroceso' ((stale) class com.sun.jna.platform.win32.COM.Unknown cannot be cast to class java.lang.Number (com.sun.jna.platform.win32.COM.Unknown is in unnamed module of loader 'app'; java.lang.Number is in module java.base of loader 'bootstrap'))
- com.intuit.karate.robot.RobotBase.locate(RobotBase.java:530)
- com.intuit.karate.robot.RobotBase.click(RobotBase.java:561)
- <js>.:anonymous(Unnamed:1)

classpath:examples/users/cal.feature:7
23:16:11.610 [main] DEBUG com.intuit.karate - after scenario, current window: (stale) class com.sun.jna.platform.win32.COM.Unknown cannot be cast to class java.lang.Number (com.sun.jna.platform.win32.COM.Unknown is in unnamed module of loader 'app'; java.lang.Number is in module java.base of loader 'bootstrap')
23:16:11.616 [main] WARN  com.intuit.karate.robot.win.ComRef - IUIAutomationElement.CurrentName returned non-zero: -2147220991
23:16:11.617 [main] WARN  com.intuit.karate.robot.win.ComRef - IUIAutomationElement.GetCurrentPropertyValue returned non-zero: -2147220991
23:16:11.618 [main] WARN  com.intuit.karate.robot.win.ComRef - IUIAutomationElement.CurrentName returned non-zero: -2147220991
23:16:11.618 [main] DEBUG com.intuit.karate - will attempt to close window for: 
23:16:11.619 [main] WARN  com.intuit.karate.robot.win.ComRef - IUIAutomationElement.CurrentNativeWindowHandle returned non-zero: -2147220991
23:16:11.619 [main] DEBUG com.intuit.karate.shell.Command - closing command: 1700705755494
---------------------------------------------------------
feature: classpath:examples/users/cal.feature
scenarios:  1 | passed:  0 | failed:  1 | time: 18,1981
---------------------------------------------------------

23:16:13.168 [main] INFO  com.intuit.karate.Suite - <<fail>> feature 1 of 2 (0 remaining) classpath:examples/users/cal.feature
23:16:13.187 [main] DEBUG com.intuit.karate.Suite - waiting for 2 features to complete
Karate version: 1.4.1
======================================================
elapsed:  22,49 | threads:    1 | thread time: 18,20 
features:     1 | skipped:    1 | efficiency: 0,81
scenarios:    1 | passed:     0 | failed: 1
======================================================
>>> failed features:
js failed:
>>>>
01: click('Retroceso')
<<<<
org.graalvm.polyglot.PolyglotException: cannot locate: 'Retroceso' ((stale) class com.sun.jna.platform.win32.COM.Unknown cannot be cast to class java.lang.Number (com.sun.jna.platform.win32.COM.Unknown is in unnamed module of loader 'app'; java.lang.Number is in module java.base of loader 'bootstrap'))
- com.intuit.karate.robot.RobotBase.locate(RobotBase.java:530)
- com.intuit.karate.robot.RobotBase.click(RobotBase.java:561)
- <js>.:anonymous(Unnamed:1)

classpath:examples/users/cal.feature:7
<<<

HTML report: (paste into browser to view) | Karate version: 1.4.1
file:///C:/Users/jose_/OneDrive/Documents/remotessh/sshRemote/target/karate-reports/karate-summary.html
===================================================================

]]></system-out>
  </testcase>
</testsuite>